build/app/intermediates/manifest_merge_blame_file/release/manifest-merger-blame-release-report.txt
1<?xml version="1.0" encoding="utf-8"?>
2<manifest xmlns:android="http://schemas.android.com/apk/res/android"
3    package="com.mycompany.crowdedvoice"
4    android:versionCode="1"
5    android:versionName="1.0" >
6
7    <uses-sdk
8        android:minSdkVersion="21"
8-->src/main/AndroidManifest.xml
9        android:targetSdkVersion="33" />
9-->src/main/AndroidManifest.xml
10
11    <uses-permission android:name="android.permission.INTERNET" />
11-->src/main/AndroidManifest.xml:4:5-66
11-->src/main/AndroidManifest.xml:4:22-64
12    <uses-permission android:name="android.permission.RECORD_AUDIO" />
12-->src/main/AndroidManifest.xml:6:5-71
12-->src/main/AndroidManifest.xml:6:22-68
13    <uses-permission android:name="android.permission.BLUETOOTH_CONNECT" />
13-->[:speech_to_text] AndroidManifest.xml:7:5-76
13-->[:speech_to_text] AndroidManifest.xml:7:22-73
14    <uses-permission android:name="android.permission.ACCESS_NETWORK_STATE" />
14-->[com.google.firebase:firebase-auth:21.1.0] AndroidManifest.xml:24:5-79
14-->[com.google.firebase:firebase-auth:21.1.0] AndroidManifest.xml:24:22-76
15    <uses-permission android:name="android.permission.BLUETOOTH" />
15-->[com.github.canardoux:flutter_sound_core:9.2.13] AndroidManifest.xml:11:5-68
15-->[com.github.canardoux:flutter_sound_core:9.2.13] AndroidManifest.xml:11:22-65
16    <uses-permission android:name="android.permission.WAKE_LOCK" />
16-->[com.github.canardoux:flutter_sound_core:9.2.13] AndroidManifest.xml:12:5-68
16-->[com.github.canardoux:flutter_sound_core:9.2.13] AndroidManifest.xml:12:22-65
17    <uses-permission android:name="android.permission.MODIFY_AUDIO_SETTINGS" />
17-->[com.github.canardoux:flutter_sound_core:9.2.13] AndroidManifest.xml:13:5-80
17-->[com.github.canardoux:flutter_sound_core:9.2.13] AndroidManifest.xml:13:22-77
18
19    <queries>
19-->[androidx.media2:media2-session:1.2.0] AndroidManifest.xml:24:5-34:15
20        <intent>
20-->[androidx.media2:media2-session:1.2.0] AndroidManifest.xml:25:9-27:18
21            <action android:name="android.media.browse.MediaBrowserService" />
21-->[androidx.media2:media2-session:1.2.0] AndroidManifest.xml:26:13-79
21-->[androidx.media2:media2-session:1.2.0] AndroidManifest.xml:26:21-76
22        </intent>
23        <intent>
23-->[androidx.media2:media2-session:1.2.0] AndroidManifest.xml:28:9-30:18
24            <action android:name="androidx.media2.session.MediaSessionService" />
24-->[androidx.media2:media2-session:1.2.0] AndroidManifest.xml:29:13-82
24-->[androidx.media2:media2-session:1.2.0] AndroidManifest.xml:29:21-79
25        </intent>
26        <intent>
26-->[androidx.media2:media2-session:1.2.0] AndroidManifest.xml:31:9-33:18
27            <action android:name="androidx.media2.session.MediaLibraryService" />
27-->[androidx.media2:media2-session:1.2.0] AndroidManifest.xml:32:13-82
27-->[androidx.media2:media2-session:1.2.0] AndroidManifest.xml:32:21-79
28        </intent>
29    </queries>
30
31    <application
31-->src/main/AndroidManifest.xml:8:5-62:19
32        android:appComponentFactory="androidx.core.app.CoreComponentFactory"
32-->[androidx.core:core:1.7.0] AndroidManifest.xml:24:18-86
33        android:icon="@mipmap/ic_launcher"
33-->src/main/AndroidManifest.xml:11:9-43
34        android:label="CrowdedVoice"
34-->src/main/AndroidManifest.xml:9:9-37
35        android:requestLegacyExternalStorage="true" >
35-->src/main/AndroidManifest.xml:12:9-52
36        <activity
36-->src/main/AndroidManifest.xml:14:9-52:20
37            android:name="com.mycompany.crowdedvoice.MainActivity"
37-->src/main/AndroidManifest.xml:15:13-41
38            android:configChanges="orientation|keyboardHidden|keyboard|screenSize|smallestScreenSize|locale|layoutDirection|fontScale|screenLayout|density|uiMode"
38-->src/main/AndroidManifest.xml:19:13-163
39            android:exported="true"
39-->src/main/AndroidManifest.xml:16:13-36
40            android:hardwareAccelerated="true"
40-->src/main/AndroidManifest.xml:20:13-47
41            android:launchMode="singleTop"
41-->src/main/AndroidManifest.xml:17:13-43
42            android:theme="@style/LaunchTheme"
42-->src/main/AndroidManifest.xml:18:13-47
43            android:windowSoftInputMode="adjustResize" >
43-->src/main/AndroidManifest.xml:21:13-55
44
45            <!--
46                 Specifies an Android theme to apply to this Activity as soon as
47                 the Android process has started. This theme is visible to the user
48                 while the Flutter UI initializes. After that, this theme continues
49                 to determine the Window background behind the Flutter UI.
50            -->
51            <meta-data
51-->src/main/AndroidManifest.xml:26:13-29:17
52                android:name="io.flutter.embedding.android.NormalTheme"
52-->src/main/AndroidManifest.xml:27:15-70
53                android:resource="@style/NormalTheme" />
53-->src/main/AndroidManifest.xml:28:15-52
54            <!--
55                 Displays an Android View that continues showing the launch screen
56                 Drawable until Flutter paints its first frame, then this splash
57                 screen fades out. A splash screen is useful to avoid any visual
58                 gap between the end of Android's launch screen and the painting of
59                 Flutter's first frame.
60            -->
61            <meta-data
61-->src/main/AndroidManifest.xml:35:13-38:17
62                android:name="io.flutter.embedding.android.SplashScreenDrawable"
62-->src/main/AndroidManifest.xml:36:15-79
63                android:resource="@drawable/launch_background" />
63-->src/main/AndroidManifest.xml:37:15-61
64
65            <intent-filter>
65-->src/main/AndroidManifest.xml:39:13-42:29
66                <action android:name="android.intent.action.MAIN" />
66-->src/main/AndroidManifest.xml:40:17-68
66-->src/main/AndroidManifest.xml:40:25-66
67
68                <category android:name="android.intent.category.LAUNCHER" />
68-->src/main/AndroidManifest.xml:41:17-76
68-->src/main/AndroidManifest.xml:41:27-74
69            </intent-filter>
70            <!-- Deep linking -->
71            <meta-data
71-->src/main/AndroidManifest.xml:44:13-90
72                android:name="flutter_deeplinking_enabled"
72-->src/main/AndroidManifest.xml:44:24-66
73                android:value="true" />
73-->src/main/AndroidManifest.xml:44:67-87
74
75            <intent-filter android:autoVerify="true" >
75-->src/main/AndroidManifest.xml:45:13-50:29
75-->src/main/AndroidManifest.xml:45:28-53
76                <action android:name="android.intent.action.VIEW" />
76-->src/main/AndroidManifest.xml:46:17-69
76-->src/main/AndroidManifest.xml:46:25-66
77
78                <category android:name="android.intent.category.DEFAULT" />
78-->src/main/AndroidManifest.xml:47:17-76
78-->src/main/AndroidManifest.xml:47:27-73
79                <category android:name="android.intent.category.BROWSABLE" />
79-->src/main/AndroidManifest.xml:48:17-78
79-->src/main/AndroidManifest.xml:48:27-75
80
81                <data
81-->src/main/AndroidManifest.xml:49:17-87
82                    android:host="crowdedvoice.com"
82-->src/main/AndroidManifest.xml:49:53-84
83                    android:scheme="crowdedvoice" />
83-->src/main/AndroidManifest.xml:49:23-52
84            </intent-filter>
85        </activity>
86
87        <!--
88             Don't delete the meta-data below.
89             This is used by the Flutter tool to generate GeneratedPluginRegistrant.java
90        -->
91        <meta-data
91-->src/main/AndroidManifest.xml:56:9-58:33
92            android:name="flutterEmbedding"
92-->src/main/AndroidManifest.xml:57:13-44
93            android:value="2" />
93-->src/main/AndroidManifest.xml:58:13-30
94
95        <service
95-->[:cloud_firestore] AndroidManifest.xml:8:9-12:19
96            android:name="com.google.firebase.components.ComponentDiscoveryService"
96-->[:cloud_firestore] AndroidManifest.xml:8:18-89
97            android:directBootAware="true"
97-->[com.google.firebase:firebase-common:20.3.0] AndroidManifest.xml:34:13-43
98            android:exported="false" >
98-->[com.google.firebase:firebase-auth:21.1.0] AndroidManifest.xml:66:13-37
99            <meta-data
99-->[:cloud_firestore] AndroidManifest.xml:9:13-11:85
100                android:name="com.google.firebase.components:io.flutter.plugins.firebase.firestore.FlutterFirebaseFirestoreRegistrar"
100-->[:cloud_firestore] AndroidManifest.xml:10:17-134
101                android:value="com.google.firebase.components.ComponentRegistrar" />
101-->[:cloud_firestore] AndroidManifest.xml:11:17-82
102            <meta-data
102-->[:firebase_auth] AndroidManifest.xml:9:13-11:85
103                android:name="com.google.firebase.components:io.flutter.plugins.firebase.auth.FlutterFirebaseAuthRegistrar"
103-->[:firebase_auth] AndroidManifest.xml:10:17-124
104                android:value="com.google.firebase.components.ComponentRegistrar" />
104-->[:firebase_auth] AndroidManifest.xml:11:17-82
105            <meta-data
105-->[:firebase_storage] AndroidManifest.xml:9:13-11:85
106                android:name="com.google.firebase.components:io.flutter.plugins.firebase.storage.FlutterFirebaseAppRegistrar"
106-->[:firebase_storage] AndroidManifest.xml:10:17-126
107                android:value="com.google.firebase.components.ComponentRegistrar" />
107-->[:firebase_storage] AndroidManifest.xml:11:17-82
108            <meta-data
108-->[:firebase_core] AndroidManifest.xml:9:13-11:85
109                android:name="com.google.firebase.components:io.flutter.plugins.firebase.core.FlutterFirebaseCoreRegistrar"
109-->[:firebase_core] AndroidManifest.xml:10:17-124
110                android:value="com.google.firebase.components.ComponentRegistrar" />
110-->[:firebase_core] AndroidManifest.xml:11:17-82
111            <meta-data
111-->[com.google.firebase:firebase-auth:21.1.0] AndroidManifest.xml:67:13-69:85
112                android:name="com.google.firebase.components:com.google.firebase.auth.FirebaseAuthRegistrar"
112-->[com.google.firebase:firebase-auth:21.1.0] AndroidManifest.xml:68:17-109
113                android:value="com.google.firebase.components.ComponentRegistrar" />
113-->[com.google.firebase:firebase-auth:21.1.0] AndroidManifest.xml:69:17-82
114            <meta-data
114-->[com.google.firebase:firebase-firestore:24.4.3] AndroidManifest.xml:19:13-21:85
115                android:name="com.google.firebase.components:com.google.firebase.firestore.FirestoreRegistrar"
115-->[com.google.firebase:firebase-firestore:24.4.3] AndroidManifest.xml:20:17-111
116                android:value="com.google.firebase.components.ComponentRegistrar" />
116-->[com.google.firebase:firebase-firestore:24.4.3] AndroidManifest.xml:21:17-82
117            <meta-data
117-->[com.google.firebase:firebase-storage:20.1.0] AndroidManifest.xml:32:13-34:85
118                android:name="com.google.firebase.components:com.google.firebase.storage.StorageRegistrar"
118-->[com.google.firebase:firebase-storage:20.1.0] AndroidManifest.xml:33:17-107
119                android:value="com.google.firebase.components.ComponentRegistrar" />
119-->[com.google.firebase:firebase-storage:20.1.0] AndroidManifest.xml:34:17-82
120        </service>
121
122        <activity
122-->[:url_launcher_android] AndroidManifest.xml:8:9-11:74
123            android:name="io.flutter.plugins.urllauncher.WebViewActivity"
123-->[:url_launcher_android] AndroidManifest.xml:9:13-74
124            android:exported="false"
124-->[:url_launcher_android] AndroidManifest.xml:10:13-37
125            android:theme="@android:style/Theme.NoTitleBar.Fullscreen" />
125-->[:url_launcher_android] AndroidManifest.xml:11:13-71
126
127        <uses-library
127-->[androidx.window:window:1.0.0-beta04] AndroidManifest.xml:25:9-27:40
128            android:name="androidx.window.extensions"
128-->[androidx.window:window:1.0.0-beta04] AndroidManifest.xml:26:13-54
129            android:required="false" />
129-->[androidx.window:window:1.0.0-beta04] AndroidManifest.xml:27:13-37
130        <uses-library
130-->[androidx.window:window:1.0.0-beta04] AndroidManifest.xml:28:9-30:40
131            android:name="androidx.window.sidecar"
131-->[androidx.window:window:1.0.0-beta04] AndroidManifest.xml:29:13-51
132            android:required="false" />
132-->[androidx.window:window:1.0.0-beta04] AndroidManifest.xml:30:13-37
133
134        <activity
134-->[com.google.firebase:firebase-auth:21.1.0] AndroidManifest.xml:27:9-44:20
135            android:name="com.google.firebase.auth.internal.GenericIdpActivity"
135-->[com.google.firebase:firebase-auth:21.1.0] AndroidManifest.xml:28:13-80
136            android:excludeFromRecents="true"
136-->[com.google.firebase:firebase-auth:21.1.0] AndroidManifest.xml:29:13-46
137            android:exported="true"
137-->[com.google.firebase:firebase-auth:21.1.0] AndroidManifest.xml:30:13-36
138            android:launchMode="singleTask"
138-->[com.google.firebase:firebase-auth:21.1.0] AndroidManifest.xml:31:13-44
139            android:theme="@android:style/Theme.Translucent.NoTitleBar" >
139-->[com.google.firebase:firebase-auth:21.1.0] AndroidManifest.xml:32:13-72
140            <intent-filter>
140-->[com.google.firebase:firebase-auth:21.1.0] AndroidManifest.xml:33:13-43:29
141                <action android:name="android.intent.action.VIEW" />
141-->src/main/AndroidManifest.xml:46:17-69
141-->src/main/AndroidManifest.xml:46:25-66
142
143                <category android:name="android.intent.category.DEFAULT" />
143-->src/main/AndroidManifest.xml:47:17-76
143-->src/main/AndroidManifest.xml:47:27-73
144                <category android:name="android.intent.category.BROWSABLE" />
144-->src/main/AndroidManifest.xml:48:17-78
144-->src/main/AndroidManifest.xml:48:27-75
145
146                <data
146-->src/main/AndroidManifest.xml:49:17-87
147                    android:host="firebase.auth"
147-->src/main/AndroidManifest.xml:49:53-84
148                    android:path="/"
149                    android:scheme="genericidp" />
149-->src/main/AndroidManifest.xml:49:23-52
150            </intent-filter>
151        </activity>
152        <activity
152-->[com.google.firebase:firebase-auth:21.1.0] AndroidManifest.xml:45:9-62:20
153            android:name="com.google.firebase.auth.internal.RecaptchaActivity"
153-->[com.google.firebase:firebase-auth:21.1.0] AndroidManifest.xml:46:13-79
154            android:excludeFromRecents="true"
154-->[com.google.firebase:firebase-auth:21.1.0] AndroidManifest.xml:47:13-46
155            android:exported="true"
155-->[com.google.firebase:firebase-auth:21.1.0] AndroidManifest.xml:48:13-36
156            android:launchMode="singleTask"
156-->[com.google.firebase:firebase-auth:21.1.0] AndroidManifest.xml:49:13-44
157            android:theme="@android:style/Theme.Translucent.NoTitleBar" >
157-->[com.google.firebase:firebase-auth:21.1.0] AndroidManifest.xml:50:13-72
158            <intent-filter>
158-->[com.google.firebase:firebase-auth:21.1.0] AndroidManifest.xml:51:13-61:29
159                <action android:name="android.intent.action.VIEW" />
159-->src/main/AndroidManifest.xml:46:17-69
159-->src/main/AndroidManifest.xml:46:25-66
160
161                <category android:name="android.intent.category.DEFAULT" />
161-->src/main/AndroidManifest.xml:47:17-76
161-->src/main/AndroidManifest.xml:47:27-73
162                <category android:name="android.intent.category.BROWSABLE" />
162-->src/main/AndroidManifest.xml:48:17-78
162-->src/main/AndroidManifest.xml:48:27-75
163
164                <data
164-->src/main/AndroidManifest.xml:49:17-87
165                    android:host="firebase.auth"
165-->src/main/AndroidManifest.xml:49:53-84
166                    android:path="/"
167                    android:scheme="recaptcha" />
167-->src/main/AndroidManifest.xml:49:23-52
168            </intent-filter>
169        </activity>
170
171        <provider
171-->[com.google.firebase:firebase-common:20.3.0] AndroidManifest.xml:25:9-30:39
172            android:name="com.google.firebase.provider.FirebaseInitProvider"
172-->[com.google.firebase:firebase-common:20.3.0] AndroidManifest.xml:26:13-77
173            android:authorities="com.mycompany.crowdedvoice.firebaseinitprovider"
173-->[com.google.firebase:firebase-common:20.3.0] AndroidManifest.xml:27:13-72
174            android:directBootAware="true"
174-->[com.google.firebase:firebase-common:20.3.0] AndroidManifest.xml:28:13-43
175            android:exported="false"
175-->[com.google.firebase:firebase-common:20.3.0] AndroidManifest.xml:29:13-37
176            android:initOrder="100" />
176-->[com.google.firebase:firebase-common:20.3.0] AndroidManifest.xml:30:13-36
177
178        <activity
178-->[com.google.android.gms:play-services-auth:20.4.1] AndroidManifest.xml:23:9-27:75
179            android:name="com.google.android.gms.auth.api.signin.internal.SignInHubActivity"
179-->[com.google.android.gms:play-services-auth:20.4.1] AndroidManifest.xml:24:13-93
180            android:excludeFromRecents="true"
180-->[com.google.android.gms:play-services-auth:20.4.1] AndroidManifest.xml:25:13-46
181            android:exported="false"
181-->[com.google.android.gms:play-services-auth:20.4.1] AndroidManifest.xml:26:13-37
182            android:theme="@android:style/Theme.Translucent.NoTitleBar" />
182-->[com.google.android.gms:play-services-auth:20.4.1] AndroidManifest.xml:27:13-72
183        <!--
184            Service handling Google Sign-In user revocation. For apps that do not integrate with
185            Google Sign-In, this service will never be started.
186        -->
187        <service
187-->[com.google.android.gms:play-services-auth:20.4.1] AndroidManifest.xml:33:9-37:51
188            android:name="com.google.android.gms.auth.api.signin.RevocationBoundService"
188-->[com.google.android.gms:play-services-auth:20.4.1] AndroidManifest.xml:34:13-89
189            android:exported="true"
189-->[com.google.android.gms:play-services-auth:20.4.1] AndroidManifest.xml:35:13-36
190            android:permission="com.google.android.gms.auth.api.signin.permission.REVOCATION_NOTIFICATION"
190-->[com.google.android.gms:play-services-auth:20.4.1] AndroidManifest.xml:36:13-107
191            android:visibleToInstantApps="true" />
191-->[com.google.android.gms:play-services-auth:20.4.1] AndroidManifest.xml:37:13-48
192
193        <activity
193-->[com.google.android.gms:play-services-base:18.0.1] AndroidManifest.xml:20:9-22:45
194            android:name="com.google.android.gms.common.api.GoogleApiActivity"
194-->[com.google.android.gms:play-services-base:18.0.1] AndroidManifest.xml:20:19-85
195            android:exported="false"
195-->[com.google.android.gms:play-services-base:18.0.1] AndroidManifest.xml:22:19-43
196            android:theme="@android:style/Theme.Translucent.NoTitleBar" />
196-->[com.google.android.gms:play-services-base:18.0.1] AndroidManifest.xml:21:19-78
197
198        <meta-data
198-->[com.google.android.gms:play-services-basement:18.1.0] AndroidManifest.xml:21:9-23:69
199            android:name="com.google.android.gms.version"
199-->[com.google.android.gms:play-services-basement:18.1.0] AndroidManifest.xml:22:13-58
200            android:value="@integer/google_play_services_version" />
200-->[com.google.android.gms:play-services-basement:18.1.0] AndroidManifest.xml:23:13-66
201    </application>
202
203</manifest>